<?xml version="1.0" encoding="UTF-8"?>
<!-- Generated by org.testng.reporters.JUnitReportReporter -->
<testsuite hostname="LAPTOP-7S89AT5P" failures="0" tests="2" name="com.automatemavenjenkins.Automatemavenjenkins.FirstLaunchDemo" time="5.063" errors="0" timestamp="2024-06-22T17:21:30 IST" skipped="0">
  <testcase classname="com.automatemavenjenkins.Automatemavenjenkins.FirstLaunchDemo" name="setup" time="3.112"/>
  <system-out/>
  <testcase classname="com.automatemavenjenkins.Automatemavenjenkins.FirstLaunchDemo" name="launch" time="1.951"/>
  <system-out/>
</testsuite> <!-- com.automatemavenjenkins.Automatemavenjenkins.FirstLaunchDemo -->
